set -e; avr-gcc -MM -mmcu=atmega8 -I. -O0 -gstabs -std=gnu99  -funsigned-char -funsigned-bitfields -fpack-struct -fshort-enums  -Wall -Wstrict-prototypes  -Wa,-adhlns=adc.lst   adc.c \
	| sed 's,\(.*\)\.o[ :]*,\1.o \1.d : ,g' > adc.d; \
	[ -s adc.d ] || rm -f adc.d

-------- begin --------
avr-gcc (WinAVR 20080610) 4.3.0
Copyright (C) 2008 Free Software Foundation, Inc.
This is free software; see the source for copying conditions.  There is NO
warranty; not even for MERCHANTABILITY or FITNESS FOR A PARTICULAR PURPOSE.


Size before:
adc.elf  :
section    size      addr
.text      1038         0
.data         4   8388704
.bss          2   8388708
.stab      1944         0
.stabstr   1792         0
Total      4780




Compiling: adc.c
avr-gcc -c -mmcu=atmega8 -I. -O0 -gstabs -std=gnu99  -funsigned-char -funsigned-bitfields -fpack-struct -fshort-enums  -Wall -Wstrict-prototypes  -Wa,-adhlns=adc.lst   adc.c -o adc.o
In file included from adc.c:9:
c:/winavr/lib/gcc/../../avr/include/avr\signal.h:36:2: warning: #warning "This header file is obsolete.  Use <avr/interrupt.h>."

Linking: adc.elf
avr-gcc -mmcu=atmega8 -I. -O0 -gstabs -std=gnu99  -funsigned-char -funsigned-bitfields -fpack-struct -fshort-enums  -Wall -Wstrict-prototypes  -Wa,-adhlns=adc.o   adc.o  --output adc.elf -lm -Wl,-Map=adc.map -Wl,--cref

Creating load file for Flash: adc.hex
avr-objcopy -O ihex -R .eeprom adc.elf adc.hex

Creating load file for EEPROM: adc.eep
avr-objcopy -j .eeprom --set-section-flags=.eeprom="alloc,load" \
	--change-section-lma .eeprom=0 -O ihex adc.elf adc.eep
c:\winavr\bin\avr-objcopy.exe: --change-section-lma .eeprom=0x00000000 never used

Creating Extended Listing: adc.lss
avr-objdump -h -S adc.elf > adc.lss

Creating Symbol Table: adc.sym
avr-nm -n adc.elf > adc.sym

Converting to AVR COFF: adc.cof
avr-objcopy --debugging --change-section-address .data-0x800000 --change-section-address .bss-0x800000 --change-section-address .noinit-0x800000 --change-section-address .eeprom-0x810000 -O coff-ext-avr adc.elf adc.cof   # Extended COFF. Supported in VMLAB from rel. 3.10
Discarding local symbol outside any compilation unit: .do_copy_data_start
Discarding local symbol outside any compilation unit: .do_copy_data_loop
Discarding local symbol outside any compilation unit: .do_clear_bss_start
Discarding local symbol outside any compilation unit: .do_clear_bss_loop
c:\winavr\bin\avr-objcopy.exe: --change-section-vma .eeprom+0xff7f0000 never used
c:\winavr\bin\avr-objcopy.exe: --change-section-lma .eeprom+0xff7f0000 never used
c:\winavr\bin\avr-objcopy.exe: --change-section-vma .noinit+0xff800000 never used
c:\winavr\bin\avr-objcopy.exe: --change-section-lma .noinit+0xff800000 never used

Size after:
adc.elf  :
section    size      addr
.text      1038         0
.data         4   8388704
.bss          2   8388708
.stab      1944         0
.stabstr   1792         0
Total      4780



Errors: none
-------- end --------

