
-------- begin --------
avr-gcc (WinAVR 20080610) 4.3.0
Copyright (C) 2008 Free Software Foundation, Inc.
This is free software; see the source for copying conditions.  There is NO
warranty; not even for MERCHANTABILITY or FITNESS FOR A PARTICULAR PURPOSE.


Size before:
uart.elf  :
section    size      addr
.text       392         0
.bss          5   8388704
.stab      1152         0
.stabstr   1736         0
Total      3285




Size after:
uart.elf  :
section    size      addr
.text       392         0
.bss          5   8388704
.stab      1152         0
.stabstr   1736         0
Total      3285



Errors: none
-------- end --------

