set -e; avr-gcc -MM -mmcu=atmega168 -I. -O0 -gstabs -std=gnu99  -funsigned-char -funsigned-bitfields -fpack-struct -fshort-enums  -Wall -Wstrict-prototypes  -Wa,-adhlns=xx.lst   xx.c \
	| sed 's,\(.*\)\.o[ :]*,\1.o \1.d : ,g' > xx.d; \
	[ -s xx.d ] || rm -f xx.d

-------- begin --------
avr-gcc (WinAVR 20080610) 4.3.0
Copyright (C) 2008 Free Software Foundation, Inc.
This is free software; see the source for copying conditions.  There is NO
warranty; not even for MERCHANTABILITY or FITNESS FOR A PARTICULAR PURPOSE.


Compiling: xx.c
avr-gcc -c -mmcu=atmega168 -I. -O0 -gstabs -std=gnu99  -funsigned-char -funsigned-bitfields -fpack-struct -fshort-enums  -Wall -Wstrict-prototypes  -Wa,-adhlns=xx.lst   xx.c -o xx.o
In file included from xx.c:9:
c:/winavr/lib/gcc/../../avr/include/avr\signal.h:36:2: warning: #warning "This header file is obsolete.  Use <avr/interrupt.h>."
xx.c: In function 'task_dispatch':
xx.c:69: warning: array subscript has type 'char'
xx.c:71: warning: array subscript has type 'char'
xx.c:72: warning: array subscript has type 'char'
xx.c:83: warning: array subscript has type 'char'
xx.c: In function 'set_task':
xx.c:123: warning: array subscript has type 'char'
xx.c: In function 'reset_task':
xx.c:128: warning: array subscript has type 'char'

Linking: xtx.elf
avr-gcc -mmcu=atmega168 -I. -O0 -gstabs -std=gnu99  -funsigned-char -funsigned-bitfields -fpack-struct -fshort-enums  -Wall -Wstrict-prototypes  -Wa,-adhlns=xx.o   xx.o  --output xtx.elf -lm -Wl,-Map=xtx.map -Wl,--cref

Creating load file for Flash: xtx.hex
avr-objcopy -O ihex -R .eeprom xtx.elf xtx.hex

Creating load file for EEPROM: xtx.eep
avr-objcopy -j .eeprom --set-section-flags=.eeprom="alloc,load" \
	--change-section-lma .eeprom=0 -O ihex xtx.elf xtx.eep
c:\winavr\bin\avr-objcopy.exe: --change-section-lma .eeprom=0x00000000 never used

Creating Extended Listing: xtx.lss
avr-objdump -h -S xtx.elf > xtx.lss

Creating Symbol Table: xtx.sym
avr-nm -n xtx.elf > xtx.sym

Converting to AVR COFF: xtx.cof
avr-objcopy --debugging --change-section-address .data-0x800000 --change-section-address .bss-0x800000 --change-section-address .noinit-0x800000 --change-section-address .eeprom-0x810000 -O coff-ext-avr xtx.elf xtx.cof   # Extended COFF. Supported in VMLAB from rel. 3.10
Warning: no "data" section found in output file
c:\winavr\bin\avr-objcopy.exe: --change-section-vma .eeprom+0xff7f0000 never used
c:\winavr\bin\avr-objcopy.exe: --change-section-lma .eeprom+0xff7f0000 never used
c:\winavr\bin\avr-objcopy.exe: --change-section-vma .noinit+0xff800000 never used
c:\winavr\bin\avr-objcopy.exe: --change-section-lma .noinit+0xff800000 never used
c:\winavr\bin\avr-objcopy.exe: --change-section-vma .data+0xff800000 never used
c:\winavr\bin\avr-objcopy.exe: --change-section-lma .data+0xff800000 never used

Size after:
xtx.elf  :
section    size      addr
.text      1062         0
.bss         18   8388864
.stab      2352         0
.stabstr   2438         0
Total      5870



Errors: none
-------- end --------

