   1               		.file	"delay.c"
   2               	__SREG__ = 0x3f
   3               	__SP_H__ = 0x3e
   4               	__SP_L__ = 0x3d
   5               	__CCP__  = 0x34
   6               	__tmp_reg__ = 0
   7               	__zero_reg__ = 1
   8               		.global __do_copy_data
   9               		.global __do_clear_bss
  11               		.text
  12               	.Ltext0:
  71               	.global	__vector_8
  73               	__vector_8:
   1:delay.c       **** // ***********************************************************
   2:delay.c       **** // Project:
   3:delay.c       **** // Author:
   4:delay.c       **** // Module description:
   5:delay.c       **** // ***********************************************************
   6:delay.c       **** 
   7:delay.c       **** #include <avr\io.h>              // Most basic include files
   8:delay.c       **** #include <avr\interrupt.h>       // Add the necessary ones
   9:delay.c       **** #include <avr\signal.h>          // here
  10:delay.c       **** 
  11:delay.c       **** int n;
  12:delay.c       **** 
  13:delay.c       **** ISR(TIMER1_OVF_vect)
  14:delay.c       **** {
  74               	4,.LM0-.LFBB1
  75               	.LM0:
  76               	.LFBB1:
  77 0000 1F92      		push __zero_reg__
  78 0002 0F92      		push r0
  79 0004 0FB6      		in r0,__SREG__
  80 0006 0F92      		push r0
  81 0008 1124      		clr __zero_reg__
  82 000a DF93      		push r29
  83 000c CF93      		push r28
  84 000e CDB7      		in r28,__SP_L__
  85 0010 DEB7      		in r29,__SP_H__
  86               	/* prologue: Signal */
  87               	/* frame size = 0 */
  15:delay.c       **** 	n=0;
  88               	5,.LM1-.LFBB1
  89               	.LM1:
  90 0012 1092 0000 		sts (n)+1,__zero_reg__
  91 0016 1092 0000 		sts n,__zero_reg__
  92               	/* epilogue start */
  16:delay.c       **** }
  93               	bn	68,0,16,.LM2-.LFBB1
  94               	.LM2:
  95 001a CF91      		pop r28
  96 001c DF91      		pop r29
  97 001e 0F90      		pop r0
  98 0020 0FBE      		out __SREG__,r0
  99 0022 0F90      		pop r0
 100 0024 1F90      		pop __zero_reg__
 101 0026 1895      		reti
 103               	.Lscope1:
 105               	.global	main
 107               	main:
  17:delay.c       **** void delay(void);
  18:delay.c       **** 
  19:delay.c       **** int main(void)
  20:delay.c       **** {
 108               	,.LM3-.LFBB2
 109               	.LM3:
 110               	.LFBB2:
 111 0028 DF93      		push r29
 112 002a CF93      		push r28
 113 002c CDB7      		in r28,__SP_L__
 114 002e DEB7      		in r29,__SP_H__
 115               	/* prologue: function */
 116               	/* frame size = 0 */
  21:delay.c       **** 	DDRD=0xFF;
 117               	8,0,21,.LM4-.LFBB2
 118               	.LM4:
 119 0030 E1E3      		ldi r30,lo8(49)
 120 0032 F0E0      		ldi r31,hi8(49)
 121 0034 8FEF      		ldi r24,lo8(-1)
 122 0036 8083      		st Z,r24
  22:delay.c       **** 	GICR|=(1<<INT0)|(1<<INT1);
 123               	n	68,0,22,.LM5-.LFBB2
 124               	.LM5:
 125 0038 ABE5      		ldi r26,lo8(91)
 126 003a B0E0      		ldi r27,hi8(91)
 127 003c EBE5      		ldi r30,lo8(91)
 128 003e F0E0      		ldi r31,hi8(91)
 129 0040 8081      		ld r24,Z
 130 0042 806C      		ori r24,lo8(-64)
 131 0044 8C93      		st X,r24
  23:delay.c       **** 	TIMSK|=(1<<TOIE1);
 132               	8,0,23,.LM6-.LFBB2
 133               	.LM6:
 134 0046 A9E5      		ldi r26,lo8(89)
 135 0048 B0E0      		ldi r27,hi8(89)
 136 004a E9E5      		ldi r30,lo8(89)
 137 004c F0E0      		ldi r31,hi8(89)
 138 004e 8081      		ld r24,Z
 139 0050 8460      		ori r24,lo8(4)
 140 0052 8C93      		st X,r24
  24:delay.c       **** 	sei();
 141               	8,0,24,.LM7-.LFBB2
 142               	.LM7:
 143               	/* #APP */
 144               	 ;  24 "delay.c" 1
 145 0054 7894      		sei
 146               	 ;  0 "" 2
 147               	/* #NOAPP */
 148               	.L4:
  25:delay.c       ****    while(1) {
  26:delay.c       ****  	  PORTD=0X55;
 149               	68,0,26,.LM8-.LFBB2
 150               	.LM8:
 151 0056 E2E3      		ldi r30,lo8(50)
 152 0058 F0E0      		ldi r31,hi8(50)
 153 005a 85E5      		ldi r24,lo8(85)
 154 005c 8083      		st Z,r24
  27:delay.c       **** 	   delay();
 155               	n	68,0,27,.LM9-.LFBB2
 156               	.LM9:
 157 005e 00D0      		rcall delay
  28:delay.c       ****  	  PORTD=0XAA;
 158               	tabn	68,0,28,.LM10-.LFBB2
 159               	.LM10:
 160 0060 E2E3      		ldi r30,lo8(50)
 161 0062 F0E0      		ldi r31,hi8(50)
 162 0064 8AEA      		ldi r24,lo8(-86)
 163 0066 8083      		st Z,r24
  29:delay.c       ****  	  delay();
 164               	n	68,0,29,.LM11-.LFBB2
 165               	.LM11:
 166 0068 00D0      		rcall delay
 167 006a 00C0      		rjmp .L4
 169               	.Lscope2:
 171               	.global	delay
 173               	delay:
  30:delay.c       ****    }
  31:delay.c       **** 
  32:delay.c       **** }
  33:delay.c       **** void delay(void)
  34:delay.c       **** {
 174               	,0,34,.LM12-.LFBB3
 175               	.LM12:
 176               	.LFBB3:
 177 006c DF93      		push r29
 178 006e CF93      		push r28
 179 0070 00D0      		rcall .
 180 0072 CDB7      		in r28,__SP_L__
 181 0074 DEB7      		in r29,__SP_H__
 182               	/* prologue: function */
 183               	/* frame size = 2 */
  35:delay.c       **** 	int i;
  36:delay.c       **** 	for(i=0;i<10;i++)
 184               	,0,36,.LM13-.LFBB3
 185               	.LM13:
 186 0076 1A82      		std Y+2,__zero_reg__
 187 0078 1982      		std Y+1,__zero_reg__
 188 007a 00C0      		rjmp .L7
 189               	.L9:
  37:delay.c       **** 	{   n=1;
 190               	n	68,0,37,.LM14-.LFBB3
 191               	.LM14:
 192 007c 81E0      		ldi r24,lo8(1)
 193 007e 90E0      		ldi r25,hi8(1)
 194 0080 9093 0000 		sts (n)+1,r25
 195 0084 8093 0000 		sts n,r24
  38:delay.c       **** 		TCNT1H=0XFF;
 196               	n	68,0,38,.LM15-.LFBB3
 197               	.LM15:
 198 0088 EDE4      		ldi r30,lo8(77)
 199 008a F0E0      		ldi r31,hi8(77)
 200 008c 8FEF      		ldi r24,lo8(-1)
 201 008e 8083      		st Z,r24
  39:delay.c       **** 		TCNT1L=0X84;
 202               	n	68,0,39,.LM16-.LFBB3
 203               	.LM16:
 204 0090 ECE4      		ldi r30,lo8(76)
 205 0092 F0E0      		ldi r31,hi8(76)
 206 0094 84E8      		ldi r24,lo8(-124)
 207 0096 8083      		st Z,r24
  40:delay.c       **** 		TCCR1B|=(1<<CS10)|(1<<CS11);
 208               	n	68,0,40,.LM17-.LFBB3
 209               	.LM17:
 210 0098 AEE4      		ldi r26,lo8(78)
 211 009a B0E0      		ldi r27,hi8(78)
 212 009c EEE4      		ldi r30,lo8(78)
 213 009e F0E0      		ldi r31,hi8(78)
 214 00a0 8081      		ld r24,Z
 215 00a2 8360      		ori r24,lo8(3)
 216 00a4 8C93      		st X,r24
 217               	.L8:
  41:delay.c       **** 			while(n);
 218               	,0,41,.LM18-.LFBB3
 219               	.LM18:
 220 00a6 8091 0000 		lds r24,n
 221 00aa 9091 0000 		lds r25,(n)+1
 222 00ae 0097      		sbiw r24,0
 223 00b0 01F4      		brne .L8
 225               	.LM19:
 226 00b2 8981      		ldd r24,Y+1
 227 00b4 9A81      		ldd r25,Y+2
 228 00b6 0196      		adiw r24,1
 229 00b8 9A83      		std Y+2,r25
 230 00ba 8983      		std Y+1,r24
 231               	.L7:
 232 00bc 8981      		ldd r24,Y+1
 233 00be 9A81      		ldd r25,Y+2
 234 00c0 8A30      		cpi r24,10
 235 00c2 9105      		cpc r25,__zero_reg__
 236 00c4 04F0      		brlt .L9
 237               	/* epilogue start */
  42:delay.c       **** 		}
  43:delay.c       **** 	
  44:delay.c       **** 
  45:delay.c       **** }
 238               	0-.LFBB3
 239               	.LM20:
 240 00c6 0F90      		pop __tmp_reg__
 241 00c8 0F90      		pop __tmp_reg__
 242 00ca CF91      		pop r28
 243 00cc DF91      		pop r29
 244 00ce 0895      		ret
 249               	.Lscope3:
 250               		.comm n,2,1
 253               	.Letext0:
DEFINED SYMBOLS
                            *ABS*:00000000 delay.c
C:\users\cdac1\Temp/ccgAEcCV.s:2      *ABS*:0000003f __SREG__
C:\users\cdac1\Temp/ccgAEcCV.s:3      *ABS*:0000003e __SP_H__
C:\users\cdac1\Temp/ccgAEcCV.s:4      *ABS*:0000003d __SP_L__
C:\users\cdac1\Temp/ccgAEcCV.s:5      *ABS*:00000034 __CCP__
C:\users\cdac1\Temp/ccgAEcCV.s:6      *ABS*:00000000 __tmp_reg__
C:\users\cdac1\Temp/ccgAEcCV.s:7      *ABS*:00000001 __zero_reg__
C:\users\cdac1\Temp/ccgAEcCV.s:73     .text:00000000 __vector_8
                            *COM*:00000002 n
C:\users\cdac1\Temp/ccgAEcCV.s:107    .text:00000028 main
C:\users\cdac1\Temp/ccgAEcCV.s:173    .text:0000006c delay

UNDEFINED SYMBOLS
__do_copy_data
__do_clear_bss
