   1               		.file	"pwm16.c"
   2               	__SREG__ = 0x3f
   3               	__SP_H__ = 0x3e
   4               	__SP_L__ = 0x3d
   5               	__CCP__  = 0x34
   6               	__tmp_reg__ = 0
   7               	__zero_reg__ = 1
   8               		.global __do_copy_data
   9               		.global __do_clear_bss
  11               		.text
  12               	.Ltext0:
  71               	.global	__vector_6
  73               	__vector_6:
   1:pwm16.c       **** // ***********************************************************
   2:pwm16.c       **** // Project:
   3:pwm16.c       **** // Author:
   4:pwm16.c       **** // Module description:
   5:pwm16.c       **** // ***********************************************************
   6:pwm16.c       **** 
   7:pwm16.c       **** #include <avr\io.h>
   8:pwm16.c       **** #include <avr\interrupt.h>
   9:pwm16.c       **** #include <avr\signal.h>
  10:pwm16.c       **** ISR(TIMER1_COMPA_vect)
  11:pwm16.c       **** {		
  74               	1,.LM0-.LFBB1
  75               	.LM0:
  76               	.LFBB1:
  77 0000 1F92      		push __zero_reg__
  78 0002 0F92      		push r0
  79 0004 0FB6      		in r0,__SREG__
  80 0006 0F92      		push r0
  81 0008 1124      		clr __zero_reg__
  82 000a DF93      		push r29
  83 000c CF93      		push r28
  84 000e CDB7      		in r28,__SP_L__
  85 0010 DEB7      		in r29,__SP_H__
  86               	/* prologue: Signal */
  87               	/* frame size = 0 */
  88               	/* epilogue start */
  12:pwm16.c       **** }
  89               	,.LM1-.LFBB1
  90               	.LM1:
  91 0012 CF91      		pop r28
  92 0014 DF91      		pop r29
  93 0016 0F90      		pop r0
  94 0018 0FBE      		out __SREG__,r0
  95 001a 0F90      		pop r0
  96 001c 1F90      		pop __zero_reg__
  97 001e 1895      		reti
  99               	.Lscope1:
 101               	.global	__vector_7
 103               	__vector_7:
  13:pwm16.c       **** 
  14:pwm16.c       **** ISR(TIMER1_COMPB_vect)
  15:pwm16.c       **** {
 104               	,.LM2-.LFBB2
 105               	.LM2:
 106               	.LFBB2:
 107 0020 1F92      		push __zero_reg__
 108 0022 0F92      		push r0
 109 0024 0FB6      		in r0,__SREG__
 110 0026 0F92      		push r0
 111 0028 1124      		clr __zero_reg__
 112 002a DF93      		push r29
 113 002c CF93      		push r28
 114 002e CDB7      		in r28,__SP_L__
 115 0030 DEB7      		in r29,__SP_H__
 116               	/* prologue: Signal */
 117               	/* frame size = 0 */
 118               	/* epilogue start */
  16:pwm16.c       **** }
 119               	,.LM3-.LFBB2
 120               	.LM3:
 121 0032 CF91      		pop r28
 122 0034 DF91      		pop r29
 123 0036 0F90      		pop r0
 124 0038 0FBE      		out __SREG__,r0
 125 003a 0F90      		pop r0
 126 003c 1F90      		pop __zero_reg__
 127 003e 1895      		reti
 129               	.Lscope2:
 131               	.global	main
 133               	main:
  17:pwm16.c       **** 
  18:pwm16.c       **** int main(void) {
 134               	,.LM4-.LFBB3
 135               	.LM4:
 136               	.LFBB3:
 137 0040 DF93      		push r29
 138 0042 CF93      		push r28
 139 0044 CDB7      		in r28,__SP_L__
 140 0046 DEB7      		in r29,__SP_H__
 141               	/* prologue: function */
 142               	/* frame size = 0 */
  19:pwm16.c       ****    DDRB=0XFF;
 143               	8,0,19,.LM5-.LFBB3
 144               	.LM5:
 145 0048 E7E3      		ldi r30,lo8(55)
 146 004a F0E0      		ldi r31,hi8(55)
 147 004c 8FEF      		ldi r24,lo8(-1)
 148 004e 8083      		st Z,r24
  20:pwm16.c       ****    TCNT1H=0X00;
 149               	n	68,0,20,.LM6-.LFBB3
 150               	.LM6:
 151 0050 EDE4      		ldi r30,lo8(77)
 152 0052 F0E0      		ldi r31,hi8(77)
 153 0054 1082      		st Z,__zero_reg__
  21:pwm16.c       ****    TCNT1L=0X00;
 154               	bn	68,0,21,.LM7-.LFBB3
 155               	.LM7:
 156 0056 ECE4      		ldi r30,lo8(76)
 157 0058 F0E0      		ldi r31,hi8(76)
 158 005a 1082      		st Z,__zero_reg__
  22:pwm16.c       ****    OCR1AH=0X00;
 159               	bn	68,0,22,.LM8-.LFBB3
 160               	.LM8:
 161 005c EBE4      		ldi r30,lo8(75)
 162 005e F0E0      		ldi r31,hi8(75)
 163 0060 1082      		st Z,__zero_reg__
  23:pwm16.c       ****    OCR1AL=0X80;
 164               	bn	68,0,23,.LM9-.LFBB3
 165               	.LM9:
 166 0062 EAE4      		ldi r30,lo8(74)
 167 0064 F0E0      		ldi r31,hi8(74)
 168 0066 80E8      		ldi r24,lo8(-128)
 169 0068 8083      		st Z,r24
  24:pwm16.c       ****    OCR1BH=0X00;
 170               	n	68,0,24,.LM10-.LFBB3
 171               	.LM10:
 172 006a E9E4      		ldi r30,lo8(73)
 173 006c F0E0      		ldi r31,hi8(73)
 174 006e 1082      		st Z,__zero_reg__
  25:pwm16.c       ****    OCR1BL=0X40;
 175               	bn	68,0,25,.LM11-.LFBB3
 176               	.LM11:
 177 0070 E8E4      		ldi r30,lo8(72)
 178 0072 F0E0      		ldi r31,hi8(72)
 179 0074 80E4      		ldi r24,lo8(64)
 180 0076 8083      		st Z,r24
  26:pwm16.c       ****    TIMSK=(1<<OCIE1A)|(1<<OCIE1B);
 181               	n	68,0,26,.LM12-.LFBB3
 182               	.LM12:
 183 0078 E9E5      		ldi r30,lo8(89)
 184 007a F0E0      		ldi r31,hi8(89)
 185 007c 88E1      		ldi r24,lo8(24)
 186 007e 8083      		st Z,r24
  27:pwm16.c       ****    PORTB=0X00;
 187               	n	68,0,27,.LM13-.LFBB3
 188               	.LM13:
 189 0080 E8E3      		ldi r30,lo8(56)
 190 0082 F0E0      		ldi r31,hi8(56)
 191 0084 1082      		st Z,__zero_reg__
  28:pwm16.c       ****    sei();
 192               	8(56)
 193               		st Z,__zero_reg__
 195               	.LM14:
 196 0086 7894      	/* #APP */
 197               	 ;  28 "pwm16.c" 1
  29:pwm16.c       ****    TCCR1A=(1<<WGM10)|(1<<COM1A1)|(1<<COM1B1)|(1<<COM1A0)|(1<<COM1B0);
 198               	/
 199               	 ;  28 "pwm16.c" 1
 200               		sei
 201 0088 EFE4      	 ;  0 "" 2
 203 008c 81EF      	.LM15:
 204 008e 8083      	/* #NOAPP */
  30:pwm16.c       ****    TCCR1B=(1<<CS10)|(1<<CS11)|(0<<WGM12);
 205               	5:
 206               	/* #NOAPP */
 207 0090 EEE4      		ldi r30,lo8(79)
 208 0092 F0E0      		ldi r31,hi8(79)
 209 0094 83E0      		ldi r24,lo8(-15)
 210 0096 8083      		st Z,r24
 212 0098 00C0      	.LM16:
 213               		ldi r30,lo8(78)
 214               		ldi r31,hi8(78)
 215               		ldi r24,lo8(3)
 216               		st Z,r24
DEFINED SYMBOLS
                            *ABS*:00000000 pwm16.c
C:\users\cdac1\Temp/ccOI46JA.s:2      *ABS*:0000003f __SREG__
C:\users\cdac1\Temp/ccOI46JA.s:3      *ABS*:0000003e __SP_H__
C:\users\cdac1\Temp/ccOI46JA.s:4      *ABS*:0000003d __SP_L__
C:\users\cdac1\Temp/ccOI46JA.s:5      *ABS*:00000034 __CCP__
C:\users\cdac1\Temp/ccOI46JA.s:6      *ABS*:00000000 __tmp_reg__
C:\users\cdac1\Temp/ccOI46JA.s:7      *ABS*:00000001 __zero_reg__
C:\users\cdac1\Temp/ccOI46JA.s:73     .text:00000000 __vector_6
C:\users\cdac1\Temp/ccOI46JA.s:103    .text:00000020 __vector_7
C:\users\cdac1\Temp/ccOI46JA.s:133    .text:00000040 main

UNDEFINED SYMBOLS
__do_copy_data
__do_clear_bss
