set -e; avr-gcc -MM -mmcu=atmega48 -I. -O0 -gstabs -std=gnu99  -funsigned-char -funsigned-bitfields -fpack-struct -fshort-enums  -Wall -Wstrict-prototypes  -Wa,-adhlns=spi_sl.lst   spi_sl.c \
	| sed 's,\(.*\)\.o[ :]*,\1.o \1.d : ,g' > spi_sl.d; \
	[ -s spi_sl.d ] || rm -f spi_sl.d

-------- begin --------
avr-gcc (WinAVR 20080610) 4.3.0
Copyright (C) 2008 Free Software Foundation, Inc.
This is free software; see the source for copying conditions.  There is NO
warranty; not even for MERCHANTABILITY or FITNESS FOR A PARTICULAR PURPOSE.


Size before:
spi_slave.elf  :
section    size   addr
.text       226      0
.stab       816      0
.stabstr   1523      0
Total      2565




Compiling: spi_sl.c
avr-gcc -c -mmcu=atmega48 -I. -O0 -gstabs -std=gnu99  -funsigned-char -funsigned-bitfields -fpack-struct -fshort-enums  -Wall -Wstrict-prototypes  -Wa,-adhlns=spi_sl.lst   spi_sl.c -o spi_sl.o
In file included from spi_sl.c:9:
c:/winavr/lib/gcc/../../avr/include/avr\signal.h:36:2: warning: #warning "This header file is obsolete.  Use <avr/interrupt.h>."

Linking: spi_slave.elf
avr-gcc -mmcu=atmega48 -I. -O0 -gstabs -std=gnu99  -funsigned-char -funsigned-bitfields -fpack-struct -fshort-enums  -Wall -Wstrict-prototypes  -Wa,-adhlns=spi_sl.o   spi_sl.o  --output spi_slave.elf -lm -Wl,-Map=spi_slave.map -Wl,--cref

Creating load file for Flash: spi_slave.hex
avr-objcopy -O ihex -R .eeprom spi_slave.elf spi_slave.hex

Creating load file for EEPROM: spi_slave.eep
avr-objcopy -j .eeprom --set-section-flags=.eeprom="alloc,load" \
	--change-section-lma .eeprom=0 -O ihex spi_slave.elf spi_slave.eep
c:\winavr\bin\avr-objcopy.exe: --change-section-lma .eeprom=0x00000000 never used

Creating Extended Listing: spi_slave.lss
avr-objdump -h -S spi_slave.elf > spi_slave.lss

Creating Symbol Table: spi_slave.sym
avr-nm -n spi_slave.elf > spi_slave.sym

Converting to AVR COFF: spi_slave.cof
avr-objcopy --debugging --change-section-address .data-0x800000 --change-section-address .bss-0x800000 --change-section-address .noinit-0x800000 --change-section-address .eeprom-0x810000 -O coff-ext-avr spi_slave.elf spi_slave.cof   # Extended COFF. Supported in VMLAB from rel. 3.10
Discarding local symbol outside any compilation unit: .do_copy_data_start
Discarding local symbol outside any compilation unit: .do_copy_data_loop
Discarding local symbol outside any compilation unit: .do_clear_bss_start
Discarding local symbol outside any compilation unit: .do_clear_bss_loop
Warning: no "data" section found in output file
c:\winavr\bin\avr-objcopy.exe: --change-section-vma .eeprom+0xff7f0000 never used
c:\winavr\bin\avr-objcopy.exe: --change-section-lma .eeprom+0xff7f0000 never used
c:\winavr\bin\avr-objcopy.exe: --change-section-vma .noinit+0xff800000 never used
c:\winavr\bin\avr-objcopy.exe: --change-section-lma .noinit+0xff800000 never used
c:\winavr\bin\avr-objcopy.exe: --change-section-vma .bss+0xff800000 never used
c:\winavr\bin\avr-objcopy.exe: --change-section-lma .bss+0xff800000 never used
c:\winavr\bin\avr-objcopy.exe: --change-section-vma .data+0xff800000 never used
c:\winavr\bin\avr-objcopy.exe: --change-section-lma .data+0xff800000 never used

Size after:
spi_slave.elf  :
section    size   addr
.text       226      0
.stab       816      0
.stabstr   1523      0
Total      2565



Errors: none
-------- end --------

